<?xml version="1.0" encoding="UTF-8"?>
<testsuite name="org.example.PermissionManagerTest" tests="6" skipped="0" failures="0" errors="0" timestamp="2023-09-27T06:36:47" hostname="ADELWOLF" time="0.04">
  <properties/>
  <testcase name="test_getRoleName_USER()" classname="org.example.PermissionManagerTest" time="0.028"/>
  <testcase name="test_getRoleName_ADMIN()" classname="org.example.PermissionManagerTest" time="0.0"/>
  <testcase name="test_setPermissionLevel_ADMIN()" classname="org.example.PermissionManagerTest" time="0.001"/>
  <testcase name="test_getRoleName_DEVELOPER()" classname="org.example.PermissionManagerTest" time="0.0"/>
  <testcase name="test_setPermissionLevel_DEVELOPER()" classname="org.example.PermissionManagerTest" time="0.001"/>
  <testcase name="test_setPermissionLevel_USER()" classname="org.example.PermissionManagerTest" time="0.002"/>
  <system-out><![CDATA[]]></system-out>
  <system-err><![CDATA[]]></system-err>
</testsuite>
